<?xml version="1.0" encoding="UTF-8"?>
<!-- Generated by org.testng.reporters.JUnitReportReporter -->
<testsuite hostname="DESKTOP-OPSU3GT" failures="0" tests="1" name="CategoryLP" time="6.308" errors="0" timestamp="2023-06-22T16:17:54 IST" skipped="0">
  <testcase classname="CategoryLP" name="categorylp" time="6.308"/>
  <system-out/>
</testsuite> <!-- CategoryLP -->
