<?xml version="1.0" encoding="UTF-8"?>
<!-- Generated by org.testng.reporters.JUnitReportReporter -->
<testsuite hostname="DESKTOP-OPSU3GT" failures="0" tests="1" name="DidyouKnow" time="3.698" errors="0" timestamp="2023-06-09T07:09:44 IST" skipped="0">
  <testcase classname="DidyouKnow" name="didyouknow" time="3.698"/>
  <system-out/>
</testsuite> <!-- DidyouKnow -->
