<?xml version="1.0" encoding="UTF-8"?>
<!-- Generated by org.testng.reporters.JUnitReportReporter -->
<testsuite hostname="DESKTOP-OPSU3GT" failures="0" tests="1" name="Final.FreedomArchive" time="9.968" errors="0" timestamp="2023-06-19T14:44:34 IST" skipped="0">
  <testcase classname="Final.FreedomArchive" name="freedomarchives" time="9.968"/>
  <system-out/>
</testsuite> <!-- Final.FreedomArchive -->
