<?xml version="1.0" encoding="UTF-8"?>
<!-- Generated by org.testng.reporters.JUnitReportReporter -->
<testsuite hostname="DESKTOP-OPSU3GT" failures="0" tests="1" name="Partners" time="3.662" errors="0" timestamp="2023-06-05T11:59:31 IST" skipped="0">
  <testcase classname="Partners" name="partners" time="3.662"/>
  <system-out/>
</testsuite> <!-- Partners -->
