<?xml version="1.0" encoding="UTF-8"?>
<!-- Generated by org.testng.reporters.JUnitReportReporter -->
<testsuite hostname="DESKTOP-OPSU3GT" failures="0" tests="4" name="Final.Audios" time="64.114" errors="0" timestamp="2023-07-18T13:56:12 IST" skipped="2">
  <testcase classname="Final.Audios" name="Audiospage3filters" time="25.281"/>
  <system-out/>
  <testcase classname="Final.Audios" name="Audiospage" time="38.833"/>
  <system-out/>
  <testcase classname="Final.Audios" name="Audiospage1subcat">
    <skipped/>
  </testcase> <!-- Audiospage1subcat -->
  <system-out/>
  <testcase classname="Final.Audios" name="Audiospage2subcat">
    <skipped/>
  </testcase> <!-- Audiospage2subcat -->
  <system-out/>
</testsuite> <!-- Final.Audios -->
