<?xml version="1.0" encoding="UTF-8"?>
<!-- Generated by org.testng.reporters.JUnitReportReporter -->
<testsuite hostname="DESKTOP-OPSU3GT" failures="0" tests="1" name="ImageSliderAll" time="72.138" errors="0" timestamp="2023-07-18T11:39:18 IST" skipped="0">
  <testcase classname="ImageSliderAll" name="testImageSlideshow" time="72.138"/>
  <system-out/>
</testsuite> <!-- ImageSliderAll -->
