<?xml version="1.0" encoding="UTF-8"?>
<!-- Generated by org.testng.reporters.JUnitReportReporter -->
<testsuite hostname="DESKTOP-OPSU3GT" failures="0" tests="1" name="Stories3removingduplicatestories" time="41.538" errors="0" timestamp="2023-06-13T07:05:21 IST" skipped="0">
  <testcase classname="Stories3removingduplicatestories" name="testStorySlider" time="41.538"/>
  <system-out/>
</testsuite> <!-- Stories3removingduplicatestories -->
