<?xml version="1.0" encoding="UTF-8"?>
<!-- Generated by org.testng.reporters.JUnitReportReporter -->
<testsuite hostname="DESKTOP-OPSU3GT" failures="0" tests="1" name="Stories2verifyingeachimage" time="42.676" errors="0" timestamp="2023-06-12T11:38:37 IST" skipped="0">
  <testcase classname="Stories2verifyingeachimage" name="testStorySlider" time="42.676"/>
  <system-out/>
</testsuite> <!-- Stories2verifyingeachimage -->
