<?xml version="1.0" encoding="UTF-8"?>
<!-- Generated by org.testng.reporters.JUnitReportReporter -->
<testsuite hostname="DESKTOP-OPSU3GT" failures="0" tests="1" name="FreedomArchive" time="5.306" errors="0" timestamp="2023-06-09T07:11:46 IST" skipped="0">
  <testcase classname="FreedomArchive" name="freedomarchives" time="5.306"/>
  <system-out/>
</testsuite> <!-- FreedomArchive -->
