<?xml version="1.0" encoding="UTF-8"?>
<!-- Generated by org.testng.reporters.JUnitReportReporter -->
<testsuite hostname="DESKTOP-OPSU3GT" failures="0" tests="1" name="Final.CategoriesFinal" time="12.130" errors="0" timestamp="2023-06-19T14:44:35 IST" skipped="0">
  <testcase classname="Final.CategoriesFinal" name="testCategorySlider" time="12.130"/>
  <system-out/>
</testsuite> <!-- Final.CategoriesFinal -->
