<?xml version="1.0" encoding="UTF-8"?>
<!-- Generated by org.testng.reporters.JUnitReportReporter -->
<testsuite hostname="DESKTOP-OPSU3GT" failures="0" tests="1" name="Final.ExternalLinks" time="7.710" errors="0" timestamp="2023-07-18T11:30:43 IST" skipped="0">
  <testcase classname="Final.ExternalLinks" name="externallinks" time="7.710"/>
  <system-out/>
</testsuite> <!-- Final.ExternalLinks -->
