<?xml version="1.0" encoding="UTF-8"?>
<!-- Generated by org.testng.reporters.JUnitReportReporter -->
<testsuite hostname="DESKTOP-OPSU3GT" failures="0" tests="6" name="Final.HomePageHeader" time="46.389" errors="0" timestamp="2023-06-19T14:44:35 IST" skipped="1">
  <testcase classname="Final.HomePageHeader" name="HomePage2Search" time="12.607"/>
  <system-out/>
  <testcase classname="Final.HomePageHeader" name="HomePage4GoI" time="4.717"/>
  <system-out/>
  <testcase classname="Final.HomePageHeader" name="HomePage5Skip" time="9.485"/>
  <system-out/>
  <testcase classname="Final.HomePageHeader" name="HomePage1Title" time="14.823"/>
  <system-out/>
  <testcase classname="Final.HomePageHeader" name="HomePage6MenuButton" time="4.757"/>
  <system-out/>
  <testcase classname="Final.HomePageHeader" name="testImageSlideshow">
    <skipped/>
  </testcase> <!-- testImageSlideshow -->
  <system-out/>
</testsuite> <!-- Final.HomePageHeader -->
