<?xml version="1.0" encoding="UTF-8"?>
<!-- Generated by org.testng.reporters.JUnitReportReporter -->
<testsuite hostname="DESKTOP-OPSU3GT" failures="0" tests="4" name="Final.ResearchPapers" time="69.839" errors="0" timestamp="2023-07-11T05:27:28 IST" skipped="2">
  <testcase classname="Final.ResearchPapers" name="Audiospage3filters" time="65.530"/>
  <system-out/>
  <testcase classname="Final.ResearchPapers" name="Audiospage" time="4.309"/>
  <system-out/>
  <testcase classname="Final.ResearchPapers" name="Audiospage1subcat">
    <skipped/>
  </testcase> <!-- Audiospage1subcat -->
  <system-out/>
  <testcase classname="Final.ResearchPapers" name="Audiospage2subcat">
    <skipped/>
  </testcase> <!-- Audiospage2subcat -->
  <system-out/>
</testsuite> <!-- Final.ResearchPapers -->
