<?xml version="1.0" encoding="UTF-8"?>
<!-- Generated by org.testng.reporters.JUnitReportReporter -->
<testsuite hostname="DESKTOP-OPSU3GT" failures="0" tests="1" name="Audios2" time="18.121" errors="0" timestamp="2023-07-03T09:18:40 IST" skipped="0">
  <testcase classname="Audios2" name="categorylp" time="18.121"/>
  <system-out/>
</testsuite> <!-- Audios2 -->
