<?xml version="1.0" encoding="UTF-8"?>
<!-- Generated by org.testng.reporters.JUnitReportReporter -->
<testsuite hostname="DESKTOP-OPSU3GT" failures="0" tests="1" name="Final.MoCOrganisations" time="21.122" errors="0" timestamp="2023-07-18T10:54:49 IST" skipped="0">
  <testcase classname="Final.MoCOrganisations" name="testMOCSlider" time="21.122"/>
  <system-out/>
</testsuite> <!-- Final.MoCOrganisations -->
