<?xml version="1.0" encoding="UTF-8"?>
<!-- Generated by org.testng.reporters.JUnitReportReporter -->
<testsuite hostname="DESKTOP-OPSU3GT" failures="0" tests="1" name="ImageSlider" time="4.910" errors="0" timestamp="2023-07-18T11:40:49 IST" skipped="0">
  <testcase classname="ImageSlider" name="testImageSlideshow" time="4.910"/>
  <system-out/>
</testsuite> <!-- ImageSlider -->
