<?xml version="1.0" encoding="UTF-8"?>
<!-- Generated by org.testng.reporters.JUnitReportReporter -->
<testsuite hostname="DESKTOP-OPSU3GT" failures="0" tests="4" name="Final.MultiFilter" time="12.892" errors="0" timestamp="2023-07-11T09:20:26 IST" skipped="2">
  <testcase classname="Final.MultiFilter" name="Audiospage" time="3.469"/>
  <system-out/>
  <testcase classname="Final.MultiFilter" name="Audiospage3filters" time="9.423"/>
  <system-out/>
  <testcase classname="Final.MultiFilter" name="Audiospage2subcat">
    <skipped/>
  </testcase> <!-- Audiospage2subcat -->
  <system-out/>
  <testcase classname="Final.MultiFilter" name="Audiospage1subcat">
    <skipped/>
  </testcase> <!-- Audiospage1subcat -->
  <system-out/>
</testsuite> <!-- Final.MultiFilter -->
