<?xml version="1.0" encoding="UTF-8"?>
<!-- Generated by org.testng.reporters.JUnitReportReporter -->
<testsuite hostname="DESKTOP-OPSU3GT" failures="0" tests="1" name="CategoriesFinal" time="11.538" errors="0" timestamp="2023-07-17T16:00:27 IST" skipped="0">
  <testcase classname="CategoriesFinal" name="testCategorySlider" time="11.538"/>
  <system-out/>
</testsuite> <!-- CategoriesFinal -->
