<?xml version="1.0" encoding="UTF-8"?>
<!-- Generated by org.testng.reporters.JUnitReportReporter -->
<testsuite hostname="DESKTOP-OPSU3GT" failures="0" tests="1" name="Final.ImageSlider" time="5.720" errors="0" timestamp="2023-07-18T11:41:05 IST" skipped="0">
  <testcase classname="Final.ImageSlider" name="testImageSlideshow" time="5.720"/>
  <system-out/>
</testsuite> <!-- Final.ImageSlider -->
