<?xml version="1.0" encoding="UTF-8"?>
<!-- Generated by org.testng.reporters.JUnitReportReporter -->
<testsuite hostname="DESKTOP-OPSU3GT" failures="0" tests="1" name="Final.ImageSliderAll" time="12.259" errors="0" timestamp="2023-07-18T11:47:04 IST" skipped="0">
  <testcase classname="Final.ImageSliderAll" name="testImageSlideshow" time="12.259"/>
  <system-out/>
</testsuite> <!-- Final.ImageSliderAll -->
