<?xml version="1.0" encoding="UTF-8"?>
<!-- Generated by org.testng.reporters.JUnitReportReporter -->
<testsuite hostname="DESKTOP-OPSU3GT" failures="0" tests="14" name="Final.HomePageComplete" time="165.985" errors="0" timestamp="2023-07-18T12:00:11 IST" skipped="0">
  <testcase classname="Final.HomePageComplete" name="HomePage1Title" time="2.818"/>
  <system-out/>
  <testcase classname="Final.HomePageComplete" name="HomePage2Search" time="3.836"/>
  <system-out/>
  <testcase classname="Final.HomePageComplete" name="HomePage4GoI" time="3.428"/>
  <system-out/>
  <testcase classname="Final.HomePageComplete" name="HomePage5Skip" time="3.500"/>
  <system-out/>
  <testcase classname="Final.HomePageComplete" name="HomePage6MenuButton" time="3.632"/>
  <system-out/>
  <testcase classname="Final.HomePageComplete" name="testImageSlideshow" time="70.596"/>
  <system-out/>
  <testcase classname="Final.HomePageComplete" name="HomePage8testCategorySlider" time="11.038"/>
  <system-out/>
  <testcase classname="Final.HomePageComplete" name="HomePage9freedomarchives" time="2.156"/>
  <system-out/>
  <testcase classname="Final.HomePageComplete" name="HomePage10didyouknow" time="1.418"/>
  <system-out/>
  <testcase classname="Final.HomePageComplete" name="HomePage11testStorySlider" time="16.696"/>
  <system-out/>
  <testcase classname="Final.HomePageComplete" name="externallinks" time="7.317"/>
  <system-out/>
  <testcase classname="Final.HomePageComplete" name="testMOCSlider" time="19.520"/>
  <system-out/>
  <testcase classname="Final.HomePageComplete" name="HomePage14partners" time="1.234"/>
  <system-out/>
  <testcase classname="Final.HomePageComplete" name="footer" time="18.796"/>
  <system-out/>
</testsuite> <!-- Final.HomePageComplete -->
