<?xml version="1.0" encoding="UTF-8"?>
<!-- Generated by org.testng.reporters.JUnitReportReporter -->
<testsuite hostname="DESKTOP-OPSU3GT" failures="0" tests="1" name="Final.DidyouKnow" time="7.161" errors="0" timestamp="2023-06-19T14:44:35 IST" skipped="0">
  <testcase classname="Final.DidyouKnow" name="didyouknow" time="7.161"/>
  <system-out/>
</testsuite> <!-- Final.DidyouKnow -->
